right-distance = 1
|---left-distance = 1
|---|---right-weight = 1
|---|---|---left-weight = 1
|---|---|---|---B
|---|---|---left-weight = 3
|---|---|---|---L
|---|---|---left-weight = 2
|---|---|---|---L
|---|---|---left-weight = 5
|---|---|---|---L
|---|---|---left-weight = 4
|---|---|---|---L
|---|---right-weight = 3
|---|---|---left-weight = 1
|---|---|---|---R
|---|---|---left-weight = 3
|---|---|---|---B
|---|---|---left-weight = 2
|---|---|---|---R
|---|---|---left-weight = 5
|---|---|---|---L
|---|---|---left-weight = 4
|---|---|---|---L
|---|---right-weight = 2
|---|---|---left-weight = 1
|---|---|---|---R
|---|---|---left-weight = 3
|---|---|---|---L
|---|---|---left-weight = 2
|---|---|---|---B
|---|---|---left-weight = 5
|---|---|---|---L
|---|---|---left-weight = 4
|---|---|---|---L
|---|---right-weight = 5
|---|---|---left-weight = 1
|---|---|---|---R
|---|---|---left-weight = 3
|---|---|---|---R
|---|---|---left-weight = 2
|---|---|---|---R
|---|---|---left-weight = 5
|---|---|---|---B
|---|---|---left-weight = 4
|---|---|---|---R
|---|---right-weight = 4
|---|---|---left-weight = 1
|---|---|---|---R
|---|---|---left-weight = 3
|---|---|---|---R
|---|---|---left-weight = 2
|---|---|---|---R
|---|---|---left-weight = 5
|---|---|---|---L
|---|---|---left-weight = 4
|---|---|---|---B
|---left-distance = 3
|---|---left-weight = 1
|---|---|---right-weight = 1
|---|---|---|---L
|---|---|---right-weight = 3
|---|---|---|---B
|---|---|---right-weight = 2
|---|---|---|---L
|---|---|---right-weight = 5
|---|---|---|---R
|---|---|---right-weight = 4
|---|---|---|---R
|---|---left-weight = 3
|---|---|---L
|---|---left-weight = 2
|---|---|---L
|---|---left-weight = 5
|---|---|---L
|---|---left-weight = 4
|---|---|---L
|---left-distance = 2
|---|---left-weight = 1
|---|---|---right-weight = 1
|---|---|---|---L
|---|---|---right-weight = 3
|---|---|---|---R
|---|---|---right-weight = 2
|---|---|---|---B
|---|---|---right-weight = 5
|---|---|---|---R
|---|---|---right-weight = 4
|---|---|---|---R
|---|---left-weight = 3
|---|---|---L
|---|---left-weight = 2
|---|---|---right-weight = 1
|---|---|---|---L
|---|---|---right-weight = 3
|---|---|---|---L
|---|---|---right-weight = 2
|---|---|---|---L
|---|---|---right-weight = 5
|---|---|---|---R
|---|---|---right-weight = 4
|---|---|---|---B
|---|---left-weight = 5
|---|---|---L
|---|---left-weight = 4
|---|---|---L
|---left-distance = 5
|---|---right-weight = 1
|---|---|---L
|---|---right-weight = 3
|---|---|---L
|---|---right-weight = 2
|---|---|---L
|---|---right-weight = 5
|---|---|---left-weight = 1
|---|---|---|---B
|---|---|---left-weight = 3
|---|---|---|---L
|---|---|---left-weight = 2
|---|---|---|---L
|---|---|---left-weight = 5
|---|---|---|---L
|---|---|---left-weight = 4
|---|---|---|---L
|---|---right-weight = 4
|---|---|---L
|---left-distance = 4
|---|---left-weight = 1
|---|---|---right-weight = 1
|---|---|---|---L
|---|---|---right-weight = 3
|---|---|---|---L
|---|---|---right-weight = 2
|---|---|---|---L
|---|---|---right-weight = 5
|---|---|---|---R
|---|---|---right-weight = 4
|---|---|---|---B
|---|---left-weight = 3
|---|---|---L
|---|---left-weight = 2
|---|---|---L
|---|---left-weight = 5
|---|---|---L
|---|---left-weight = 4
|---|---|---L
right-distance = 3
|---left-distance = 1
|---|---right-weight = 1
|---|---|---left-weight = 1
|---|---|---|---R
|---|---|---left-weight = 3
|---|---|---|---B
|---|---|---left-weight = 2
|---|---|---|---R
|---|---|---left-weight = 5
|---|---|---|---L
|---|---|---left-weight = 4
|---|---|---|---L
|---|---right-weight = 3
|---|---|---R
|---|---right-weight = 2
|---|---|---R
|---|---right-weight = 5
|---|---|---R
|---|---right-weight = 4
|---|---|---R
|---left-distance = 3
|---|---right-weight = 1
|---|---|---left-weight = 1
|---|---|---|---B
|---|---|---left-weight = 3
|---|---|---|---L
|---|---|---left-weight = 2
|---|---|---|---L
|---|---|---left-weight = 5
|---|---|---|---L
|---|---|---left-weight = 4
|---|---|---|---L
|---|---right-weight = 3
|---|---|---left-weight = 1
|---|---|---|---R
|---|---|---left-weight = 3
|---|---|---|---B
|---|---|---left-weight = 2
|---|---|---|---R
|---|---|---left-weight = 5
|---|---|---|---L
|---|---|---left-weight = 4
|---|---|---|---L
|---|---right-weight = 2
|---|---|---left-weight = 1
|---|---|---|---R
|---|---|---left-weight = 3
|---|---|---|---L
|---|---|---left-weight = 2
|---|---|---|---B
|---|---|---left-weight = 5
|---|---|---|---L
|---|---|---left-weight = 4
|---|---|---|---L
|---|---right-weight = 5
|---|---|---left-weight = 1
|---|---|---|---R
|---|---|---left-weight = 3
|---|---|---|---R
|---|---|---left-weight = 2
|---|---|---|---R
|---|---|---left-weight = 5
|---|---|---|---B
|---|---|---left-weight = 4
|---|---|---|---R
|---|---right-weight = 4
|---|---|---left-weight = 1
|---|---|---|---R
|---|---|---left-weight = 3
|---|---|---|---R
|---|---|---left-weight = 2
|---|---|---|---R
|---|---|---left-weight = 5
|---|---|---|---L
|---|---|---left-weight = 4
|---|---|---|---B
|---left-distance = 2
|---|---right-weight = 1
|---|---|---left-weight = 1
|---|---|---|---R
|---|---|---left-weight = 3
|---|---|---|---L
|---|---|---left-weight = 2
|---|---|---|---L
|---|---|---left-weight = 5
|---|---|---|---L
|---|---|---left-weight = 4
|---|---|---|---L
|---|---right-weight = 3
|---|---|---left-weight = 1
|---|---|---|---R
|---|---|---left-weight = 3
|---|---|---|---R
|---|---|---left-weight = 2
|---|---|---|---R
|---|---|---left-weight = 5
|---|---|---|---L
|---|---|---left-weight = 4
|---|---|---|---R
|---|---right-weight = 2
|---|---|---left-weight = 1
|---|---|---|---R
|---|---|---left-weight = 3
|---|---|---|---B
|---|---|---left-weight = 2
|---|---|---|---R
|---|---|---left-weight = 5
|---|---|---|---L
|---|---|---left-weight = 4
|---|---|---|---L
|---|---right-weight = 5
|---|---|---R
|---|---right-weight = 4
|---|---|---R
|---left-distance = 5
|---|---left-weight = 1
|---|---|---right-weight = 1
|---|---|---|---L
|---|---|---right-weight = 3
|---|---|---|---R
|---|---|---right-weight = 2
|---|---|---|---R
|---|---|---right-weight = 5
|---|---|---|---R
|---|---|---right-weight = 4
|---|---|---|---R
|---|---left-weight = 3
|---|---|---right-weight = 1
|---|---|---|---L
|---|---|---right-weight = 3
|---|---|---|---L
|---|---|---right-weight = 2
|---|---|---|---L
|---|---|---right-weight = 5
|---|---|---|---B
|---|---|---right-weight = 4
|---|---|---|---L
|---|---left-weight = 2
|---|---|---right-weight = 1
|---|---|---|---L
|---|---|---right-weight = 3
|---|---|---|---L
|---|---|---right-weight = 2
|---|---|---|---L
|---|---|---right-weight = 5
|---|---|---|---R
|---|---|---right-weight = 4
|---|---|---|---R
|---|---left-weight = 5
|---|---|---L
|---|---left-weight = 4
|---|---|---L
|---left-distance = 4
|---|---left-weight = 1
|---|---|---right-weight = 1
|---|---|---|---L
|---|---|---right-weight = 3
|---|---|---|---R
|---|---|---right-weight = 2
|---|---|---|---R
|---|---|---right-weight = 5
|---|---|---|---R
|---|---|---right-weight = 4
|---|---|---|---R
|---|---left-weight = 3
|---|---|---right-weight = 1
|---|---|---|---L
|---|---|---right-weight = 3
|---|---|---|---L
|---|---|---right-weight = 2
|---|---|---|---L
|---|---|---right-weight = 5
|---|---|---|---R
|---|---|---right-weight = 4
|---|---|---|---B
|---|---left-weight = 2
|---|---|---right-weight = 1
|---|---|---|---L
|---|---|---right-weight = 3
|---|---|---|---R
|---|---|---right-weight = 2
|---|---|---|---L
|---|---|---right-weight = 5
|---|---|---|---R
|---|---|---right-weight = 4
|---|---|---|---R
|---|---left-weight = 5
|---|---|---L
|---|---left-weight = 4
|---|---|---L
right-distance = 2
|---left-distance = 1
|---|---right-weight = 1
|---|---|---left-weight = 1
|---|---|---|---R
|---|---|---left-weight = 3
|---|---|---|---L
|---|---|---left-weight = 2
|---|---|---|---B
|---|---|---left-weight = 5
|---|---|---|---L
|---|---|---left-weight = 4
|---|---|---|---L
|---|---right-weight = 3
|---|---|---R
|---|---right-weight = 2
|---|---|---left-weight = 1
|---|---|---|---R
|---|---|---left-weight = 3
|---|---|---|---R
|---|---|---left-weight = 2
|---|---|---|---R
|---|---|---left-weight = 5
|---|---|---|---L
|---|---|---left-weight = 4
|---|---|---|---B
|---|---right-weight = 5
|---|---|---R
|---|---right-weight = 4
|---|---|---R
|---left-distance = 3
|---|---left-weight = 1
|---|---|---right-weight = 1
|---|---|---|---L
|---|---|---right-weight = 3
|---|---|---|---R
|---|---|---right-weight = 2
|---|---|---|---R
|---|---|---right-weight = 5
|---|---|---|---R
|---|---|---right-weight = 4
|---|---|---|---R
|---|---left-weight = 3
|---|---|---right-weight = 1
|---|---|---|---L
|---|---|---right-weight = 3
|---|---|---|---L
|---|---|---right-weight = 2
|---|---|---|---L
|---|---|---right-weight = 5
|---|---|---|---R
|---|---|---right-weight = 4
|---|---|---|---L
|---|---left-weight = 2
|---|---|---right-weight = 1
|---|---|---|---L
|---|---|---right-weight = 3
|---|---|---|---B
|---|---|---right-weight = 2
|---|---|---|---L
|---|---|---right-weight = 5
|---|---|---|---R
|---|---|---right-weight = 4
|---|---|---|---R
|---|---left-weight = 5
|---|---|---L
|---|---left-weight = 4
|---|---|---L
|---left-distance = 2
|---|---right-weight = 1
|---|---|---left-weight = 1
|---|---|---|---B
|---|---|---left-weight = 3
|---|---|---|---L
|---|---|---left-weight = 2
|---|---|---|---L
|---|---|---left-weight = 5
|---|---|---|---L
|---|---|---left-weight = 4
|---|---|---|---L
|---|---right-weight = 3
|---|---|---left-weight = 1
|---|---|---|---R
|---|---|---left-weight = 3
|---|---|---|---B
|---|---|---left-weight = 2
|---|---|---|---R
|---|---|---left-weight = 5
|---|---|---|---L
|---|---|---left-weight = 4
|---|---|---|---L
|---|---right-weight = 2
|---|---|---left-weight = 1
|---|---|---|---R
|---|---|---left-weight = 3
|---|---|---|---L
|---|---|---left-weight = 2
|---|---|---|---B
|---|---|---left-weight = 5
|---|---|---|---L
|---|---|---left-weight = 4
|---|---|---|---L
|---|---right-weight = 5
|---|---|---left-weight = 1
|---|---|---|---R
|---|---|---left-weight = 3
|---|---|---|---R
|---|---|---left-weight = 2
|---|---|---|---R
|---|---|---left-weight = 5
|---|---|---|---B
|---|---|---left-weight = 4
|---|---|---|---R
|---|---right-weight = 4
|---|---|---left-weight = 1
|---|---|---|---R
|---|---|---left-weight = 3
|---|---|---|---R
|---|---|---left-weight = 2
|---|---|---|---R
|---|---|---left-weight = 5
|---|---|---|---L
|---|---|---left-weight = 4
|---|---|---|---B
|---left-distance = 5
|---|---left-weight = 1
|---|---|---right-weight = 1
|---|---|---|---L
|---|---|---right-weight = 3
|---|---|---|---R
|---|---|---right-weight = 2
|---|---|---|---L
|---|---|---right-weight = 5
|---|---|---|---R
|---|---|---right-weight = 4
|---|---|---|---R
|---|---left-weight = 3
|---|---|---L
|---|---left-weight = 2
|---|---|---right-weight = 1
|---|---|---|---L
|---|---|---right-weight = 3
|---|---|---|---L
|---|---|---right-weight = 2
|---|---|---|---L
|---|---|---right-weight = 5
|---|---|---|---B
|---|---|---right-weight = 4
|---|---|---|---L
|---|---left-weight = 5
|---|---|---L
|---|---left-weight = 4
|---|---|---L
|---left-distance = 4
|---|---left-weight = 1
|---|---|---right-weight = 1
|---|---|---|---L
|---|---|---right-weight = 3
|---|---|---|---R
|---|---|---right-weight = 2
|---|---|---|---B
|---|---|---right-weight = 5
|---|---|---|---R
|---|---|---right-weight = 4
|---|---|---|---R
|---|---left-weight = 3
|---|---|---L
|---|---left-weight = 2
|---|---|---right-weight = 1
|---|---|---|---L
|---|---|---right-weight = 3
|---|---|---|---L
|---|---|---right-weight = 2
|---|---|---|---L
|---|---|---right-weight = 5
|---|---|---|---R
|---|---|---right-weight = 4
|---|---|---|---B
|---|---left-weight = 5
|---|---|---L
|---|---left-weight = 4
|---|---|---L
right-distance = 5
|---right-weight = 1
|---|---left-distance = 1
|---|---|---left-weight = 1
|---|---|---|---R
|---|---|---left-weight = 3
|---|---|---|---R
|---|---|---left-weight = 2
|---|---|---|---R
|---|---|---left-weight = 5
|---|---|---|---B
|---|---|---left-weight = 4
|---|---|---|---R
|---|---left-distance = 3
|---|---|---left-weight = 1
|---|---|---|---R
|---|---|---left-weight = 3
|---|---|---|---L
|---|---|---left-weight = 2
|---|---|---|---L
|---|---|---left-weight = 5
|---|---|---|---L
|---|---|---left-weight = 4
|---|---|---|---L
|---|---left-distance = 2
|---|---|---left-weight = 1
|---|---|---|---R
|---|---|---left-weight = 3
|---|---|---|---L
|---|---|---left-weight = 2
|---|---|---|---R
|---|---|---left-weight = 5
|---|---|---|---L
|---|---|---left-weight = 4
|---|---|---|---L
|---|---left-distance = 5
|---|---|---left-weight = 1
|---|---|---|---B
|---|---|---left-weight = 3
|---|---|---|---L
|---|---|---left-weight = 2
|---|---|---|---L
|---|---|---left-weight = 5
|---|---|---|---L
|---|---|---left-weight = 4
|---|---|---|---L
|---|---left-distance = 4
|---|---|---left-weight = 1
|---|---|---|---R
|---|---|---left-weight = 3
|---|---|---|---L
|---|---|---left-weight = 2
|---|---|---|---L
|---|---|---left-weight = 5
|---|---|---|---L
|---|---|---left-weight = 4
|---|---|---|---L
|---right-weight = 3
|---|---left-distance = 1
|---|---|---R
|---|---left-distance = 3
|---|---|---left-weight = 1
|---|---|---|---R
|---|---|---left-weight = 3
|---|---|---|---R
|---|---|---left-weight = 2
|---|---|---|---R
|---|---|---left-weight = 5
|---|---|---|---B
|---|---|---left-weight = 4
|---|---|---|---R
|---|---left-distance = 2
|---|---|---R
|---|---left-distance = 5
|---|---|---left-weight = 1
|---|---|---|---R
|---|---|---left-weight = 3
|---|---|---|---B
|---|---|---left-weight = 2
|---|---|---|---R
|---|---|---left-weight = 5
|---|---|---|---L
|---|---|---left-weight = 4
|---|---|---|---L
|---|---left-distance = 4
|---|---|---left-weight = 1
|---|---|---|---R
|---|---|---left-weight = 3
|---|---|---|---R
|---|---|---left-weight = 2
|---|---|---|---R
|---|---|---left-weight = 5
|---|---|---|---L
|---|---|---left-weight = 4
|---|---|---|---L
|---right-weight = 2
|---|---left-distance = 1
|---|---|---R
|---|---left-distance = 3
|---|---|---left-weight = 1
|---|---|---|---R
|---|---|---left-weight = 3
|---|---|---|---R
|---|---|---left-weight = 2
|---|---|---|---R
|---|---|---left-weight = 5
|---|---|---|---L
|---|---|---left-weight = 4
|---|---|---|---L
|---|---left-distance = 2
|---|---|---left-weight = 1
|---|---|---|---R
|---|---|---left-weight = 3
|---|---|---|---R
|---|---|---left-weight = 2
|---|---|---|---R
|---|---|---left-weight = 5
|---|---|---|---B
|---|---|---left-weight = 4
|---|---|---|---R
|---|---left-distance = 5
|---|---|---left-weight = 1
|---|---|---|---R
|---|---|---left-weight = 3
|---|---|---|---L
|---|---|---left-weight = 2
|---|---|---|---B
|---|---|---left-weight = 5
|---|---|---|---L
|---|---|---left-weight = 4
|---|---|---|---L
|---|---left-distance = 4
|---|---|---left-weight = 1
|---|---|---|---R
|---|---|---left-weight = 3
|---|---|---|---L
|---|---|---left-weight = 2
|---|---|---|---R
|---|---|---left-weight = 5
|---|---|---|---L
|---|---|---left-weight = 4
|---|---|---|---L
|---right-weight = 5
|---|---left-distance = 1
|---|---|---R
|---|---left-distance = 3
|---|---|---R
|---|---left-distance = 2
|---|---|---R
|---|---left-distance = 5
|---|---|---left-weight = 1
|---|---|---|---R
|---|---|---left-weight = 3
|---|---|---|---R
|---|---|---left-weight = 2
|---|---|---|---R
|---|---|---left-weight = 5
|---|---|---|---B
|---|---|---left-weight = 4
|---|---|---|---R
|---|---left-distance = 4
|---|---|---R
|---right-weight = 4
|---|---left-distance = 1
|---|---|---R
|---|---left-distance = 3
|---|---|---R
|---|---left-distance = 2
|---|---|---R
|---|---left-distance = 5
|---|---|---left-weight = 1
|---|---|---|---R
|---|---|---left-weight = 3
|---|---|---|---R
|---|---|---left-weight = 2
|---|---|---|---R
|---|---|---left-weight = 5
|---|---|---|---L
|---|---|---left-weight = 4
|---|---|---|---B
|---|---left-distance = 4
|---|---|---left-weight = 1
|---|---|---|---R
|---|---|---left-weight = 3
|---|---|---|---R
|---|---|---left-weight = 2
|---|---|---|---R
|---|---|---left-weight = 5
|---|---|---|---B
|---|---|---left-weight = 4
|---|---|---|---R
right-distance = 4
|---right-weight = 1
|---|---left-distance = 1
|---|---|---left-weight = 1
|---|---|---|---R
|---|---|---left-weight = 3
|---|---|---|---R
|---|---|---left-weight = 2
|---|---|---|---R
|---|---|---left-weight = 5
|---|---|---|---L
|---|---|---left-weight = 4
|---|---|---|---B
|---|---left-distance = 3
|---|---|---left-weight = 1
|---|---|---|---R
|---|---|---left-weight = 3
|---|---|---|---L
|---|---|---left-weight = 2
|---|---|---|---L
|---|---|---left-weight = 5
|---|---|---|---L
|---|---|---left-weight = 4
|---|---|---|---L
|---|---left-distance = 2
|---|---|---left-weight = 1
|---|---|---|---R
|---|---|---left-weight = 3
|---|---|---|---L
|---|---|---left-weight = 2
|---|---|---|---B
|---|---|---left-weight = 5
|---|---|---|---L
|---|---|---left-weight = 4
|---|---|---|---L
|---|---left-distance = 5
|---|---|---L
|---|---left-distance = 4
|---|---|---left-weight = 1
|---|---|---|---B
|---|---|---left-weight = 3
|---|---|---|---L
|---|---|---left-weight = 2
|---|---|---|---L
|---|---|---left-weight = 5
|---|---|---|---L
|---|---|---left-weight = 4
|---|---|---|---L
|---right-weight = 3
|---|---left-distance = 1
|---|---|---R
|---|---left-distance = 3
|---|---|---left-weight = 1
|---|---|---|---R
|---|---|---left-weight = 3
|---|---|---|---R
|---|---|---left-weight = 2
|---|---|---|---R
|---|---|---left-weight = 5
|---|---|---|---L
|---|---|---left-weight = 4
|---|---|---|---B
|---|---left-distance = 2
|---|---|---R
|---|---left-distance = 5
|---|---|---left-weight = 1
|---|---|---|---R
|---|---|---left-weight = 3
|---|---|---|---L
|---|---|---left-weight = 2
|---|---|---|---R
|---|---|---left-weight = 5
|---|---|---|---L
|---|---|---left-weight = 4
|---|---|---|---L
|---|---left-distance = 4
|---|---|---left-weight = 1
|---|---|---|---R
|---|---|---left-weight = 3
|---|---|---|---B
|---|---|---left-weight = 2
|---|---|---|---R
|---|---|---left-weight = 5
|---|---|---|---L
|---|---|---left-weight = 4
|---|---|---|---L
|---right-weight = 2
|---|---left-distance = 1
|---|---|---R
|---|---left-distance = 3
|---|---|---left-weight = 1
|---|---|---|---R
|---|---|---left-weight = 3
|---|---|---|---L
|---|---|---left-weight = 2
|---|---|---|---R
|---|---|---left-weight = 5
|---|---|---|---L
|---|---|---left-weight = 4
|---|---|---|---L
|---|---left-distance = 2
|---|---|---left-weight = 1
|---|---|---|---R
|---|---|---left-weight = 3
|---|---|---|---R
|---|---|---left-weight = 2
|---|---|---|---R
|---|---|---left-weight = 5
|---|---|---|---L
|---|---|---left-weight = 4
|---|---|---|---B
|---|---left-distance = 5
|---|---|---left-weight = 1
|---|---|---|---R
|---|---|---left-weight = 3
|---|---|---|---L
|---|---|---left-weight = 2
|---|---|---|---L
|---|---|---left-weight = 5
|---|---|---|---L
|---|---|---left-weight = 4
|---|---|---|---L
|---|---left-distance = 4
|---|---|---left-weight = 1
|---|---|---|---R
|---|---|---left-weight = 3
|---|---|---|---L
|---|---|---left-weight = 2
|---|---|---|---B
|---|---|---left-weight = 5
|---|---|---|---L
|---|---|---left-weight = 4
|---|---|---|---L
|---right-weight = 5
|---|---left-distance = 1
|---|---|---R
|---|---left-distance = 3
|---|---|---R
|---|---left-distance = 2
|---|---|---R
|---|---left-distance = 5
|---|---|---left-weight = 1
|---|---|---|---R
|---|---|---left-weight = 3
|---|---|---|---R
|---|---|---left-weight = 2
|---|---|---|---R
|---|---|---left-weight = 5
|---|---|---|---L
|---|---|---left-weight = 4
|---|---|---|---B
|---|---left-distance = 4
|---|---|---left-weight = 1
|---|---|---|---R
|---|---|---left-weight = 3
|---|---|---|---R
|---|---|---left-weight = 2
|---|---|---|---R
|---|---|---left-weight = 5
|---|---|---|---B
|---|---|---left-weight = 4
|---|---|---|---R
|---right-weight = 4
|---|---left-distance = 1
|---|---|---R
|---|---left-distance = 3
|---|---|---R
|---|---left-distance = 2
|---|---|---R
|---|---left-distance = 5
|---|---|---left-weight = 1
|---|---|---|---R
|---|---|---left-weight = 3
|---|---|---|---R
|---|---|---left-weight = 2
|---|---|---|---R
|---|---|---left-weight = 5
|---|---|---|---L
|---|---|---left-weight = 4
|---|---|---|---L
|---|---left-distance = 4
|---|---|---left-weight = 1
|---|---|---|---R
|---|---|---left-weight = 3
|---|---|---|---R
|---|---|---left-weight = 2
|---|---|---|---R
|---|---|---left-weight = 5
|---|---|---|---L
|---|---|---left-weight = 4
|---|---|---|---B
